<?xml version="1.0" encoding="utf-8"?><testsuites name="pytest tests"><testsuite name="pytest" errors="0" failures="0" skipped="0" tests="288" time="39.871" timestamp="2026-07-24T14:12:18.991875+03:00" hostname="DESKTOP-R1KUOU4"><testcase classname="tests.domain.nrim.baselines.test_abstention" name="test_margin" time="0.045" /><testcase classname="tests.domain.nrim.baselines.test_abstention" name="test_abstains_on_low_top_score" time="0.013" /><testcase classname="tests.domain.nrim.baselines.test_abstention" name="test_abstains_on_small_margin" time="0.011" /><testcase classname="tests.domain.nrim.baselines.test_abstention" name="test_accepts_strong_ranking" time="0.012" /><testcase classname="tests.domain.nrim.baselines.test_abstention" name="test_threshold_candidates_cover_extremes" time="0.015" /><testcase classname="tests.domain.nrim.baselines.test_baseline_evaluator" name="test_evaluate_window_finds_storage" time="0.013" /><testcase classname="tests.domain.nrim.baselines.test_baseline_evaluator" name="test_threshold_selection_uses_constraints" time="0.020" /><testcase classname="tests.domain.nrim.baselines.test_baseline_evaluator" name="test_none_threshold_disables_abstention" time="0.012" /><testcase classname="tests.domain.nrim.baselines.test_diagnostic_experiments" name="test_classification_metrics_report_operational_rates" time="0.010" /><testcase classname="tests.domain.nrim.baselines.test_diagnostic_experiments" name="test_ranking_summary_is_independent_of_detector" time="0.011" /><testcase classname="tests.domain.nrim.baselines.test_diagnostic_experiments" name="test_clustered_bootstrap_is_reproducible" time="0.024" /><testcase classname="tests.domain.nrim.baselines.test_dual_path_episode_gate" name="test_impact_confirmation_requires_independent_signal_families" time="0.010" /><testcase classname="tests.domain.nrim.baselines.test_dual_path_episode_gate" name="test_fast_path_opens_only_with_impact_confirmation" time="0.012" /><testcase classname="tests.domain.nrim.baselines.test_dual_path_episode_gate" name="test_probability_alone_never_opens_default_fast_path" time="0.013" /><testcase classname="tests.domain.nrim.baselines.test_dual_path_episode_gate" name="test_unsupported_windows_are_safe_and_never_enter_stage2" time="0.011" /><testcase classname="tests.domain.nrim.baselines.test_dual_path_episode_gate" name="test_residual_model_uses_only_observable_operational_context" time="0.017" /><testcase classname="tests.domain.nrim.baselines.test_feature_access" name="test_feature_accessor_returns_value" time="0.013" /><testcase classname="tests.domain.nrim.baselines.test_feature_access" name="test_feature_accessor_uses_default" time="0.010" /><testcase classname="tests.domain.nrim.baselines.test_feature_access" name="test_healthy_window_has_no_root_cause" time="0.012" /><testcase classname="tests.domain.nrim.baselines.test_feature_access" name="test_multiple_root_causes_are_rejected" time="0.010" /><testcase classname="tests.domain.nrim.baselines.test_incident_detector" name="test_incident_score_increases_with_error_evidence" time="0.009" /><testcase classname="tests.domain.nrim.baselines.test_incident_detector" name="test_incident_threshold_is_selected_separately" time="0.013" /><testcase classname="tests.domain.nrim.baselines.test_incident_detector" name="test_fitted_detector_and_operating_curve" time="0.103" /><testcase classname="tests.domain.nrim.baselines.test_learned_fusion" name="test_learned_fusion_ranks_observed_root_above_client" time="0.018" /><testcase classname="tests.domain.nrim.baselines.test_learned_fusion" name="test_post_freeze_stage1_signal_cannot_change_stage2_scores" time="0.018" /><testcase classname="tests.domain.nrim.baselines.test_models" name="test_feature_accessor_returns_value" time="0.010" /><testcase classname="tests.domain.nrim.baselines.test_models" name="test_feature_accessor_uses_default" time="0.010" /><testcase classname="tests.domain.nrim.baselines.test_models" name="test_healthy_window_has_no_root_cause" time="0.007" /><testcase classname="tests.domain.nrim.baselines.test_models" name="test_multiple_root_causes_are_rejected" time="0.008" /><testcase classname="tests.domain.nrim.baselines.test_ranking_metrics" name="test_reciprocal_rank" time="0.010" /><testcase classname="tests.domain.nrim.baselines.test_ranking_metrics" name="test_hits_at_k" time="0.009" /><testcase classname="tests.domain.nrim.baselines.test_ranking_metrics" name="test_summary_handles_faulty_and_healthy" time="0.008" /><testcase classname="tests.domain.nrim.baselines.test_reference_checkpoint" name="test_reference_checkpoint_round_trip_and_hash" time="0.031" /><testcase classname="tests.domain.nrim.baselines.test_result_store" name="test_markdown_contains_fingerprint" time="0.013" /><testcase classname="tests.domain.nrim.baselines.test_result_store" name="test_result_files_are_saved" time="0.016" /><testcase classname="tests.domain.nrim.baselines.test_root_cause_baselines" name="test_random_score_is_reproducible" time="0.012" /><testcase classname="tests.domain.nrim.baselines.test_root_cause_baselines" name="test_storage_has_higher_static_criticality" time="0.009" /><testcase classname="tests.domain.nrim.baselines.test_root_cause_baselines" name="test_robust_scale_is_bounded" time="0.010" /><testcase classname="tests.domain.nrim.baselines.test_root_cause_baselines" name="test_weighted_feature_score_uses_evidence" time="0.009" /><testcase classname="tests.domain.nrim.baselines.test_root_cause_baselines" name="test_ranking_tie_breaks_by_node_id" time="0.010" /><testcase classname="tests.domain.nrim.baselines.test_root_cause_baselines" name="test_ranking_rejects_duplicate_nodes" time="0.009" /><testcase classname="tests.domain.nrim.baselines.test_shift_sentinels" name="test_shift_sentinel_marks_far_workload_as_unsupported" time="0.064" /><testcase classname="tests.domain.nrim.baselines.test_temporal_episode_gate" name="test_sequence_assembler_sorts_and_audits_overlaps" time="0.012" /><testcase classname="tests.domain.nrim.baselines.test_temporal_episode_gate" name="test_sequence_assembler_rejects_cross_split_scenario" time="0.010" /><testcase classname="tests.domain.nrim.baselines.test_temporal_episode_gate" name="test_duration_gate_rejects_one_window_spike" time="0.010" /><testcase classname="tests.domain.nrim.baselines.test_temporal_episode_gate" name="test_unsupported_semantics_never_return_healthy" time="0.012" /><testcase classname="tests.domain.nrim.baselines.test_temporal_episode_gate" name="test_exact_upper_bound_is_conservative_for_small_sample" time="0.010" /><testcase classname="tests.domain.nrim.baselines.test_temporal_episode_gate" name="test_episode_metrics_count_scenarios_not_windows" time="0.011" /><testcase classname="tests.domain.nrim.baselines.test_topology_scoring" name="test_stores_on_propagates_from_service_to_storage" time="0.011" /><testcase classname="tests.domain.nrim.baselines.test_topology_scoring" name="test_propagation_increases_dependency_score" time="0.008" /><testcase classname="tests.domain.nrim.baselines.test_topology_scoring" name="test_zero_hops_preserves_initial_scores" time="0.010" /><testcase classname="tests.domain.nrim.baselines.test_topology_scoring" name="test_cycle_does_not_explode" time="0.013" /><testcase classname="tests.domain.nrim.baselines.test_topology_scoring" name="test_multiple_sources_add_bounded_topology_evidence" time="0.009" /><testcase classname="tests.domain.nrim.benchmark.test_benchmark_protocol" name="test_error_rejects_benchmark" time="0.012" /><testcase classname="tests.domain.nrim.benchmark.test_benchmark_protocol" name="test_clean_benchmark_is_frozen" time="0.012" /><testcase classname="tests.domain.nrim.benchmark.test_benchmark_protocol" name="test_suspicious_shortcut_rejects_benchmark" time="0.010" /><testcase classname="tests.domain.nrim.benchmark.test_dataset_fingerprint" name="test_json_hash_is_order_independent" time="0.012" /><testcase classname="tests.domain.nrim.benchmark.test_dataset_fingerprint" name="test_fingerprint_is_reproducible" time="0.021" /><testcase classname="tests.domain.nrim.benchmark.test_dataset_fingerprint" name="test_changed_window_invalidates_fingerprint" time="0.019" /><testcase classname="tests.domain.nrim.benchmark.test_dataset_loader" name="test_summarize_window" time="0.009" /><testcase classname="tests.domain.nrim.benchmark.test_dataset_loader" name="test_numeric_matrix_rejects_non_numeric" time="0.010" /><testcase classname="tests.domain.nrim.benchmark.test_dataset_loader" name="test_missing_fraction_uses_masks_only" time="0.009" /><testcase classname="tests.domain.nrim.benchmark.test_dataset_loader" name="test_missing_fraction_excludes_non_applicable_signals" time="0.008" /><testcase classname="tests.domain.nrim.benchmark.test_distribution_audit" name="test_invalid_root_cause_count_is_detected" time="0.010" /><testcase classname="tests.domain.nrim.benchmark.test_distribution_audit" name="test_distribution_audit_returns_split_summaries" time="0.014" /><testcase classname="tests.domain.nrim.benchmark.test_models" name="test_frozen_benchmark_rejects_errors" time="0.009" /><testcase classname="tests.domain.nrim.benchmark.test_models" name="test_synthetic_benchmark_cannot_be_production_validated" time="0.020" /><testcase classname="tests.domain.nrim.benchmark.test_report_builder" name="test_report_contains_status_and_fingerprint" time="0.010" /><testcase classname="tests.domain.nrim.benchmark.test_shortcut_audit" name="test_balanced_accuracy" time="0.010" /><testcase classname="tests.domain.nrim.benchmark.test_shortcut_audit" name="test_shortcut_audit_detects_node_count_leakage" time="0.010" /><testcase classname="tests.domain.nrim.benchmark.test_shortcut_audit" name="test_root_cause_shortcut_detects_node_type_leakage" time="0.016" /><testcase classname="tests.domain.nrim.shadow.test_adjudication_evaluation_governance" name="test_blinded_review_reveal_and_disagreement_are_append_only" time="0.279" /><testcase classname="tests.domain.nrim.shadow.test_adjudication_evaluation_governance" name="test_review_api_requires_authentication_and_blinded_sequence" time="0.183" /><testcase classname="tests.domain.nrim.shadow.test_adjudication_evaluation_governance" name="test_review_console_is_same_origin_and_discloses_no_case_data" time="0.095" /><testcase classname="tests.domain.nrim.shadow.test_adjudication_evaluation_governance" name="test_metrics_report_nonzero_uncertainty_when_no_false_episodes" time="0.117" /><testcase classname="tests.domain.nrim.shadow.test_adjudication_evaluation_governance" name="test_operational_recall_does_not_drop_unsupported_incidents" time="0.012" /><testcase classname="tests.domain.nrim.shadow.test_adjudication_evaluation_governance" name="test_synthetic_results_can_never_promote_release" time="0.008" /><testcase classname="tests.domain.nrim.shadow.test_adjudication_evaluation_governance" name="test_protocol_is_signed_preregistered_and_cannot_be_overwritten" time="0.093" /><testcase classname="tests.domain.nrim.shadow.test_bundle_and_runtime" name="test_signed_bundle_verifies_and_refuses_source_mutation" time="0.076" /><testcase classname="tests.domain.nrim.shadow.test_bundle_and_runtime" name="test_signed_bundle_refuses_artifact_mutation" time="0.062" /><testcase classname="tests.domain.nrim.shadow.test_bundle_and_runtime" name="test_runtime_runs_f_s_d_and_is_restart_idempotent" time="0.109" /><testcase classname="tests.domain.nrim.shadow.test_bundle_and_runtime" name="test_unsupported_never_enters_stage2" time="0.095" /><testcase classname="tests.domain.nrim.shadow.test_bundle_and_runtime" name="test_blocked_data_emits_quality_escalation_without_model_outputs" time="0.103" /><testcase classname="tests.domain.nrim.shadow.test_contracts_and_privacy" name="test_applicability_semantics[missing-None]" time="0.010" /><testcase classname="tests.domain.nrim.shadow.test_contracts_and_privacy" name="test_applicability_semantics[not_applicable-None]" time="0.010" /><testcase classname="tests.domain.nrim.shadow.test_contracts_and_privacy" name="test_applicability_semantics[observed-50.0]" time="0.011" /><testcase classname="tests.domain.nrim.shadow.test_contracts_and_privacy" name="test_missing_cannot_be_encoded_as_zero" time="0.009" /><testcase classname="tests.domain.nrim.shadow.test_contracts_and_privacy" name="test_unknown_or_wrong_contract_values_fail_closed" time="0.011" /><testcase classname="tests.domain.nrim.shadow.test_contracts_and_privacy" name="test_timezone_and_applicable_component_are_strict" time="0.015" /><testcase classname="tests.domain.nrim.shadow.test_contracts_and_privacy" name="test_keyed_pseudonyms_are_deterministic_and_domain_separated" time="0.013" /><testcase classname="tests.domain.nrim.shadow.test_contracts_and_privacy" name="test_privacy_and_label_leakage_audits" time="0.012" /><testcase classname="tests.domain.nrim.shadow.test_contracts_and_privacy" name="test_topology_unknowns_and_overlapping_validity_fail" time="0.011" /><testcase classname="tests.domain.nrim.shadow.test_contracts_and_privacy" name="test_valid_topology_edge_contract" time="0.009" /><testcase classname="tests.domain.nrim.shadow.test_evidence_anchor_sampling_readiness" name="test_independently_keyed_checkpoint_receipt_detects_tampering" time="0.134" /><testcase classname="tests.domain.nrim.shadow.test_evidence_anchor_sampling_readiness" name="test_signed_sampling_is_reproducible_and_records_probabilities" time="0.015" /><testcase classname="tests.domain.nrim.shadow.test_evidence_anchor_sampling_readiness" name="test_historical_replay_rehearsal_and_stop_gates_are_nonpromotional" time="0.010" /><testcase classname="tests.domain.nrim.shadow.test_evidence_anchor_sampling_readiness" name="test_sqlite_cannot_be_mislabeled_as_pilot_storage" time="0.013" /><testcase classname="tests.domain.nrim.shadow.test_monitoring" name="test_runtime_and_data_quality_monitoring_contracts" time="0.007" /><testcase classname="tests.domain.nrim.shadow.test_monitoring" name="test_feature_drift_is_monitoring_only_and_explicit" time="0.008" /><testcase classname="tests.domain.nrim.shadow.test_oelr_protocol_and_release" name="test_protocol_compiler_is_signed_phase_correct_and_immutable" time="0.041" /><testcase classname="tests.domain.nrim.shadow.test_oelr_protocol_and_release" name="test_protocol_rejects_human_utility_in_hidden_phase_and_role_collision" time="0.010" /><testcase classname="tests.domain.nrim.shadow.test_oelr_protocol_and_release" name="test_release_states_use_only_phase_available_evidence" time="0.008" /><testcase classname="tests.domain.nrim.shadow.test_oelr_protocol_and_release" name="test_synthetic_cannot_enter_real_replay_or_shadow_state" time="0.008" /><testcase classname="tests.domain.nrim.shadow.test_real_feature_parity" name="test_strict_shadow_contract_reproduces_exported_v06_tensor" time="13.637" /><testcase classname="tests.domain.nrim.shadow.test_replay_and_store" name="test_late_data_creates_replay_without_changing_original" time="0.142" /><testcase classname="tests.domain.nrim.shadow.test_replay_and_store" name="test_feature_builder_is_identical_for_online_and_replay" time="0.137" /><testcase classname="tests.domain.nrim.shadow.test_replay_and_store" name="test_blocking_missingness_suppresses_inference_snapshot" time="0.092" /><testcase classname="tests.domain.nrim.shadow.test_replay_and_store" name="test_mirror_quarantines_unknowns_and_conflicting_duplicates" time="0.122" /><testcase classname="tests.domain.nrim.shadow.test_replay_and_store" name="test_topology_mirror_is_append_only_and_unknown_types_quarantine" time="0.149" /><testcase classname="tests.domain.nrim.shadow.test_replay_and_store" name="test_evidence_is_append_only_hash_chained_and_referential" time="0.106" /><testcase classname="tests.domain.nrim.shadow.test_semantic_topology_acceptance" name="test_collector_semantic_mapping_and_mutations_fail_closed" time="0.019" /><testcase classname="tests.domain.nrim.shadow.test_semantic_topology_acceptance" name="test_topology_lineage_is_deterministic_and_mutations_fail_closed" time="0.011" /><testcase classname="tests.domain.nrim.simulation.test_batch_audit" name="test_generated_dataset_has_no_integrity_errors" time="4.333" /><testcase classname="tests.domain.nrim.simulation.test_batch_audit" name="test_audit_reports_expected_scenario_count" time="2.557" /><testcase classname="tests.domain.nrim.simulation.test_batch_generator" name="test_counterfactual_plans_share_environment" time="0.014" /><testcase classname="tests.domain.nrim.simulation.test_batch_generator" name="test_counterfactual_generation_is_reproducible" time="0.012" /><testcase classname="tests.domain.nrim.simulation.test_batch_generator" name="test_dataset_generates_two_scenarios_per_environment" time="2.938" /><testcase classname="tests.domain.nrim.simulation.test_batch_generator" name="test_counterfactual_pair_remains_in_one_split" time="2.510" /><testcase classname="tests.domain.nrim.simulation.test_batch_generator" name="test_balanced_assignments_cover_every_class_in_core_splits" time="0.013" /><testcase classname="tests.domain.nrim.simulation.test_batch_generator" name="test_hard_negative_cycle_covers_primary_false_positive_families" time="0.008" /><testcase classname="tests.domain.nrim.simulation.test_batch_generator" name="test_explicit_topology_groups_are_structurally_split_isolated" time="6.642" /><testcase classname="tests.domain.nrim.simulation.test_causal_history_features" name="test_history_features_use_prior_windows_only" time="0.014" /><testcase classname="tests.domain.nrim.simulation.test_confounders" name="test_high_workload_confounder_increases_occupancy" time="0.009" /><testcase classname="tests.domain.nrim.simulation.test_confounders" name="test_retention_confounder_increases_retention" time="0.012" /><testcase classname="tests.domain.nrim.simulation.test_confounders" name="test_latency_confounder_changes_only_latency" time="0.021" /><testcase classname="tests.domain.nrim.simulation.test_confounders" name="test_confounder_events_do_not_name_root_cause" time="0.009" /><testcase classname="tests.domain.nrim.simulation.test_dataset_builder" name="test_storage_growth_uses_capacity_dimensions" time="0.010" /><testcase classname="tests.domain.nrim.simulation.test_dataset_builder" name="test_injection_time_is_reproducible_and_in_range" time="0.011" /><testcase classname="tests.domain.nrim.simulation.test_dataset_builder" name="test_observable_message_does_not_expose_failure_class" time="0.010" /><testcase classname="tests.domain.nrim.simulation.test_dataset_builder" name="test_missingness_mask_is_independent_of_fault_label" time="0.022" /><testcase classname="tests.domain.nrim.simulation.test_dataset_manifest" name="test_manifest_rejects_duplicate_scenario_ids" time="0.010" /><testcase classname="tests.domain.nrim.simulation.test_dataset_manifest" name="test_manifest_summary_counts_scenarios" time="0.011" /><testcase classname="tests.domain.nrim.simulation.test_fault_injector" name="test_storage_fault_rejects_middleware_target" time="0.011" /><testcase classname="tests.domain.nrim.simulation.test_fault_injector" name="test_storage_fault_degrades_storage_state" time="0.012" /><testcase classname="tests.domain.nrim.simulation.test_feature_schema" name="test_feature_names_are_unique" time="0.011" /><testcase classname="tests.domain.nrim.simulation.test_feature_schema" name="test_every_signal_has_missingness_feature" time="0.012" /><testcase classname="tests.domain.nrim.simulation.test_feature_schema" name="test_feature_schema_contains_node_types" time="0.010" /><testcase classname="tests.domain.nrim.simulation.test_graph_feature_builder" name="test_node_feature_rows_match_nodes" time="0.021" /><testcase classname="tests.domain.nrim.simulation.test_graph_feature_builder" name="test_missing_signal_has_missing_indicator" time="0.029" /><testcase classname="tests.domain.nrim.simulation.test_graph_feature_builder" name="test_edge_rows_match_edges" time="0.010" /><testcase classname="tests.domain.nrim.simulation.test_labeler" name="test_healthy_scenario_has_no_positive_root_cause" time="0.019" /><testcase classname="tests.domain.nrim.simulation.test_labeler" name="test_fault_scenario_has_one_positive_root_cause" time="0.018" /><testcase classname="tests.domain.nrim.simulation.test_locked_test_governance" name="test_locked_test_can_open_only_once_after_acceptance" time="0.122" /><testcase classname="tests.domain.nrim.simulation.test_missingness" name="test_no_missingness_preserves_every_event" time="0.017" /><testcase classname="tests.domain.nrim.simulation.test_missingness" name="test_independent_missingness_removes_events" time="0.013" /><testcase classname="tests.domain.nrim.simulation.test_missingness" name="test_source_specific_missingness_preserves_other_signal" time="0.010" /><testcase classname="tests.domain.nrim.simulation.test_missingness" name="test_contiguous_outage_removes_time_block" time="0.012" /><testcase classname="tests.domain.nrim.simulation.test_missingness" name="test_missingness_is_reproducible" time="0.010" /><testcase classname="tests.domain.nrim.simulation.test_model_ready_audit" name="test_audit_detects_pair_id" time="0.010" /><testcase classname="tests.domain.nrim.simulation.test_model_ready_audit" name="test_audit_accepts_basic_clean_window" time="0.009" /><testcase classname="tests.domain.nrim.simulation.test_model_ready_audit" name="test_audit_rejects_simulator_context_feature_name" time="0.008" /><testcase classname="tests.domain.nrim.simulation.test_model_ready_audit" name="test_window_identifier_cannot_encode_class" time="0.007" /><testcase classname="tests.domain.nrim.simulation.test_model_ready_exporter" name="test_exporter_creates_model_ready_windows" time="0.026" /><testcase classname="tests.domain.nrim.simulation.test_models" name="test_topology_rejects_missing_endpoint" time="0.013" /><testcase classname="tests.domain.nrim.simulation.test_models" name="test_topology_requires_storage_relationship" time="0.009" /><testcase classname="tests.domain.nrim.simulation.test_models" name="test_non_shared_storage_uses_dedicated_service_pairs" time="0.010" /><testcase classname="tests.domain.nrim.simulation.test_propagation" name="test_storage_fault_propagates_to_catchup_service" time="0.009" /><testcase classname="tests.domain.nrim.simulation.test_propagation" name="test_propagation_ignores_cycles_and_parallel_paths" time="0.009" /><testcase classname="tests.domain.nrim.simulation.test_quality_audit" name="test_audit_detects_hidden_key" time="0.009" /><testcase classname="tests.domain.nrim.simulation.test_quality_audit" name="test_audit_detects_class_in_scenario_id" time="0.010" /><testcase classname="tests.domain.nrim.simulation.test_quality_audit" name="test_audit_detects_failure_class_in_event_message" time="0.009" /><testcase classname="tests.domain.nrim.simulation.test_quality_audit" name="test_healthy_scenario_requires_zero_root_causes" time="0.010" /><testcase classname="tests.domain.nrim.simulation.test_sanitizer" name="test_top_level_research_metadata_is_removed" time="0.009" /><testcase classname="tests.domain.nrim.simulation.test_sanitizer" name="test_simulated_transient_attribute_is_removed" time="0.011" /><testcase classname="tests.domain.nrim.simulation.test_sanitizer" name="test_context_event_keeps_observable_fact" time="0.011" /><testcase classname="tests.domain.nrim.simulation.test_sanitizer" name="test_hidden_fields_are_removed_recursively" time="0.008" /><testcase classname="tests.domain.nrim.simulation.test_scenario_design" name="test_opaque_identifier_is_reproducible" time="0.011" /><testcase classname="tests.domain.nrim.simulation.test_scenario_design" name="test_identifier_does_not_expose_failure_name" time="0.009" /><testcase classname="tests.domain.nrim.simulation.test_scenario_design" name="test_sample_environment_is_reproducible" time="0.013" /><testcase classname="tests.domain.nrim.simulation.test_scenario_design" name="test_healthy_plan_rejects_fault_values" time="0.008" /><testcase classname="tests.domain.nrim.simulation.test_scenario_design" name="test_fault_plan_requires_severity" time="0.008" /><testcase classname="tests.domain.nrim.simulation.test_scenario_design" name="test_contiguous_missingness_requires_window" time="0.012" /><testcase classname="tests.domain.nrim.simulation.test_scenario_factory" name="test_factory_builds_healthy_scenario" time="0.297" /><testcase classname="tests.domain.nrim.simulation.test_scenario_factory" name="test_factory_builds_fault_scenario" time="0.118" /><testcase classname="tests.domain.nrim.simulation.test_scenario_factory" name="test_observable_does_not_contain_hidden_fault" time="0.112" /><testcase classname="tests.domain.nrim.simulation.test_split_manager" name="test_fingerprint_ignores_edge_identifier" time="0.013" /><testcase classname="tests.domain.nrim.simulation.test_split_manager" name="test_group_split_is_deterministic" time="0.013" /><testcase classname="tests.domain.nrim.simulation.test_split_manager" name="test_ood_always_uses_ood_split" time="0.012" /><testcase classname="tests.domain.nrim.simulation.test_split_manager" name="test_pair_split_leakage_is_detected" time="0.011" /><testcase classname="tests.domain.nrim.simulation.test_target_builder" name="test_future_incident_target" time="0.010" /><testcase classname="tests.domain.nrim.simulation.test_target_builder" name="test_healthy_window_has_no_root_cause" time="0.011" /><testcase classname="tests.domain.nrim.simulation.test_target_builder" name="test_current_incident_requires_impact_in_observation_window" time="0.012" /><testcase classname="tests.domain.nrim.simulation.test_telemetry_generator" name="test_storage_generator_creates_expected_signals" time="0.012" /><testcase classname="tests.domain.nrim.simulation.test_telemetry_generator" name="test_storage_events_reference_storage_component" time="0.013" /><testcase classname="tests.domain.nrim.simulation.test_telemetry_generator" name="test_storage_events_have_metric_type" time="0.009" /><testcase classname="tests.domain.nrim.simulation.test_telemetry_generator" name="test_storage_utilization_remains_bounded" time="0.010" /><testcase classname="tests.domain.nrim.simulation.test_telemetry_generator" name="test_negative_storage_utilization_is_clamped" time="0.009" /><testcase classname="tests.domain.nrim.simulation.test_telemetry_generator" name="test_storage_latency_is_positive" time="0.008" /><testcase classname="tests.domain.nrim.simulation.test_telemetry_generator" name="test_storage_io_error_count_is_non_negative_integer" time="0.008" /><testcase classname="tests.domain.nrim.simulation.test_telemetry_generator" name="test_degraded_storage_increases_generated_latency" time="0.008" /><testcase classname="tests.domain.nrim.simulation.test_telemetry_generator" name="test_degraded_storage_can_increase_io_errors" time="0.025" /><testcase classname="tests.domain.nrim.simulation.test_telemetry_generator" name="test_catchup_generator_creates_recording_failure_metric" time="0.009" /><testcase classname="tests.domain.nrim.simulation.test_telemetry_generator" name="test_catchup_generator_emits_active_sessions_when_supplied" time="0.011" /><testcase classname="tests.domain.nrim.simulation.test_telemetry_generator" name="test_degraded_service_reduces_active_sessions" time="0.009" /><testcase classname="tests.domain.nrim.simulation.test_telemetry_generator" name="test_catchup_failures_do_not_exceed_attempts" time="0.012" /><testcase classname="tests.domain.nrim.simulation.test_telemetry_generator" name="test_degraded_catchup_service_produces_more_failures" time="0.011" /><testcase classname="tests.domain.nrim.simulation.test_telemetry_generator" name="test_storage_generator_is_reproducible_with_same_seed" time="0.013" /><testcase classname="tests.domain.nrim.simulation.test_telemetry_generator" name="test_catchup_generator_is_reproducible_with_same_seed" time="0.020" /><testcase classname="tests.domain.nrim.simulation.test_telemetry_generator" name="test_generated_quality_is_never_quarantined" time="0.009" /><testcase classname="tests.domain.nrim.simulation.test_telemetry_generator" name="test_generated_timestamps_are_preserved" time="0.011" /><testcase classname="tests.domain.nrim.simulation.test_telemetry_generator" name="test_poisson_sampler_returns_zero_for_zero_rate" time="0.010" /><testcase classname="tests.domain.nrim.simulation.test_telemetry_generator" name="test_poisson_sampler_rejects_negative_rate" time="0.009" /><testcase classname="tests.domain.nrim.simulation.test_telemetry_generator" name="test_poisson_sampler_returns_non_negative_integer" time="0.011" /><testcase classname="tests.domain.nrim.simulation.test_telemetry_generator" name="test_poisson_sampler_is_reproducible" time="0.009" /><testcase classname="tests.domain.nrim.simulation.test_telemetry_generator" name="test_poisson_mean_is_close_to_requested_rate" time="0.017" /><testcase classname="tests.domain.nrim.simulation.test_temporal_windowing" name="test_window_identifier_is_opaque" time="0.008" /><testcase classname="tests.domain.nrim.simulation.test_temporal_windowing" name="test_window_generation_is_deterministic" time="0.007" /><testcase classname="tests.domain.nrim.simulation.test_temporal_windowing" name="test_event_after_cutoff_is_rejected" time="0.009" /><testcase classname="tests.domain.nrim.simulation.test_topology_generator" name="test_generator_creates_one_switch_per_floor" time="0.012" /><testcase classname="tests.domain.nrim.simulation.test_topology_generator" name="test_generator_is_reproducible" time="0.011" /><testcase classname="tests.domain.nrim.simulation.test_topology_generator" name="test_redundancy_adds_second_middleware" time="0.009" /><testcase classname="tests.domain.nrim.test_alert_policy" name="test_first_early_warning_is_pending" time="0.009" /><testcase classname="tests.domain.nrim.test_alert_policy" name="test_second_early_warning_opens_alert" time="0.010" /><testcase classname="tests.domain.nrim.test_alert_policy" name="test_high_risk_opens_immediately" time="0.010" /><testcase classname="tests.domain.nrim.test_baseline" name="test_invalid_window_is_rejected" time="0.008" /><testcase classname="tests.domain.nrim.test_baseline" name="test_zero_samples_cannot_have_statistics" time="0.008" /><testcase classname="tests.domain.nrim.test_baseline" name="test_insufficient_history" time="0.008" /><testcase classname="tests.domain.nrim.test_baseline" name="test_normal_value" time="0.007" /><testcase classname="tests.domain.nrim.test_baseline" name="test_warning_value" time="0.007" /><testcase classname="tests.domain.nrim.test_baseline" name="test_anomalous_value" time="0.007" /><testcase classname="tests.domain.nrim.test_baseline" name="test_critical_value" time="0.011" /><testcase classname="tests.domain.nrim.test_diagnostic_ranker" name="test_observation_test_ranks_above_high_risk_test" time="0.009" /><testcase classname="tests.domain.nrim.test_diagnostic_ranker" name="test_ranker_filters_irrelevant_tests" time="0.009" /><testcase classname="tests.domain.nrim.test_hypothesis_engine" name="test_high_storage_utilization_supports_capacity_hypothesis" time="0.008" /><testcase classname="tests.domain.nrim.test_hypothesis_engine" name="test_quarantined_evidence_contributes_zero_weight" time="0.010" /><testcase classname="tests.domain.nrim.test_hypothesis_engine" name="test_highest_scoring_hypothesis_becomes_leading" time="0.008" /><testcase classname="tests.domain.nrim.test_intervention_engine" name="test_no_intervention_for_unresolved_hypothesis" time="0.008" /><testcase classname="tests.domain.nrim.test_intervention_engine" name="test_supported_hypothesis_gets_safe_first_action" time="0.011" /><testcase classname="tests.domain.nrim.test_models" name="test_inferred_node_without_evidence_is_rejected" time="0.008" /><testcase classname="tests.domain.nrim.test_models" name="test_inferred_edge_without_evidence_is_rejected" time="0.009" /><testcase classname="tests.domain.nrim.test_models" name="test_duplicate_node_ids_are_rejected" time="0.009" /><testcase classname="tests.domain.nrim.test_models" name="test_edge_with_missing_target_is_rejected" time="0.010" /><testcase classname="tests.domain.nrim.test_models" name="test_self_loop_is_rejected" time="0.008" /><testcase classname="tests.domain.nrim.test_models" name="test_diagnostic_test_must_reference_failure_node" time="0.008" /><testcase classname="tests.domain.nrim.test_models" name="test_observation_must_reference_existing_component" time="0.009" /><testcase classname="tests.domain.nrim.test_precursor_detector" name="test_near_forecast_and_latency_create_high_risk" time="0.009" /><testcase classname="tests.domain.nrim.test_precursor_detector" name="test_far_forecast_creates_watch_or_none" time="0.008" /><testcase classname="tests.domain.nrim.test_precursor_detector" name="test_recording_failures_with_storage_evidence_is_incident" time="0.009" /><testcase classname="tests.domain.nrim.test_reasoning" name="test_quarantined_evidence_cannot_have_nonzero_weight" time="0.007" /><testcase classname="tests.domain.nrim.test_reasoning" name="test_prohibited_intervention_requires_engineer" time="0.008" /><testcase classname="tests.domain.nrim.test_simulation_telemetry_generator" name="test_poisson_zero_rate_returns_zero" time="0.009" /><testcase classname="tests.domain.nrim.test_simulation_telemetry_generator" name="test_poisson_rejects_invalid_rate[-0.1]" time="0.012" /><testcase classname="tests.domain.nrim.test_simulation_telemetry_generator" name="test_poisson_rejects_invalid_rate[inf]" time="0.011" /><testcase classname="tests.domain.nrim.test_simulation_telemetry_generator" name="test_poisson_rejects_invalid_rate[nan]" time="0.010" /><testcase classname="tests.domain.nrim.test_simulation_telemetry_generator" name="test_poisson_is_reproducible" time="0.011" /><testcase classname="tests.domain.nrim.test_simulation_telemetry_generator" name="test_poisson_sample_mean_tracks_rate" time="0.022" /><testcase classname="tests.domain.nrim.test_storage_forecast" name="test_increasing_series_produces_forecast" time="0.009" /><testcase classname="tests.domain.nrim.test_storage_forecast" name="test_decreasing_series_does_not_forecast_exhaustion" time="0.008" /><testcase classname="tests.domain.nrim.test_storage_forecast" name="test_crossed_threshold_is_current_state" time="0.011" /><testcase classname="tests.domain.nrim.test_storage_forecast" name="test_short_series_abstains" time="0.009" /><testcase classname="tests.domain.nrim.test_telemetry" name="test_numeric_metric_requires_unit" time="0.011" /><testcase classname="tests.domain.nrim.test_telemetry" name="test_deviation_requires_baseline_value" time="0.008" /><testcase classname="tests.domain.nrim.test_telemetry" name="test_quarantined_record_cannot_be_marked_normal" time="0.011" /><testcase classname="tests.domain.nrim.test_telemetry" name="test_batch_rejects_duplicate_event_ids" time="0.007" /><testcase classname="tests.domain.nrim.test_telemetry" name="test_batch_rejects_mixed_deployments" time="0.008" /><testcase classname="tests.domain.nrim.test_telemetry" name="test_future_observed_time_is_rejected" time="0.007" /><testcase classname="tests.domain.nrim.test_telemetry" name="test_user_reported_symptom_requires_evidence" time="0.008" /><testcase classname="tests.domain.nrim.test_telemetry_registry" name="test_registry_rejects_ambiguous_active_mapping" time="0.009" /><testcase classname="tests.domain.nrim.test_telemetry_registry" name="test_registry_resolves_component" time="0.007" /><testcase classname="tests.domain.nrim.test_telemetry_registry" name="test_registry_returns_none_when_mapping_missing" time="0.010" /><testcase classname="tests.domain.nrim.test_temporal" name="test_series_rejects_unordered_points" time="0.009" /><testcase classname="tests.domain.nrim.test_temporal" name="test_series_rejects_quarantined_point" time="0.007" /><testcase classname="tests.domain.nrim.test_temporal" name="test_available_forecast_requires_crossing_times" time="0.008" /><testcase classname="tests.domain.nrim.test_temporal" name="test_abstained_forecast_requires_reason" time="0.007" /><testcase classname="tests.domain.nrim.test_temporal_backtest" name="test_backtest_uses_multiple_cutoffs" time="0.013" /><testcase classname="tests.domain.nrim.test_temporal_backtest" name="test_backtest_observes_threshold_crossing" time="0.010" /><testcase classname="tests.domain.nrim.test_temporal_backtest" name="test_backtest_reports_available_forecasts" time="0.011" /><testcase classname="tests.domain.nrim.test_temporal_features" name="test_sufficient_series_is_valid" time="0.009" /><testcase classname="tests.domain.nrim.test_temporal_features" name="test_short_series_is_insufficient" time="0.011" /><testcase classname="tests.domain.nrim.test_temporal_features" name="test_linear_trend_recovers_slope" time="0.011" /><testcase classname="tests.domain.nrim.test_temporal_features" name="test_robust_trend_handles_outlier" time="0.011" /><testcase classname="tests.test_ai_extractor" name="test_extracts_expected_requirements_from_example_message" time="0.020" /><testcase classname="tests.test_ai_extractor" name="test_merges_with_existing_requirements_without_overwriting_known_values" time="0.014" /><testcase classname="tests.test_api" name="test_health_endpoint" time="0.029" /><testcase classname="tests.test_api" name="test_recommend_endpoint" time="0.090" /><testcase classname="tests.test_api" name="test_conversation_extract_reports_not_configured_when_api_key_missing" time="0.023" /><testcase classname="tests.test_api" name="test_catalog_and_config_endpoints" time="0.024" /><testcase classname="tests.test_api" name="test_lead_and_report_endpoints" time="0.117" /><testcase classname="tests.test_api" name="test_lead_requires_consent" time="0.027" /><testcase classname="tests.test_engine" name="test_hotel_example_does_not_duplicate_headend_functions" time="0.009" /><testcase classname="tests.test_engine" name="test_large_operator_keeps_provisional_operator_stack" time="0.010" /><testcase classname="tests.test_engine" name="test_capacity_formula_uses_safety_margin" time="0.009" /><testcase classname="tests.test_engine" name="test_catchup_storage_is_pending_when_retention_is_missing" time="0.009" /><testcase classname="tests.test_engine" name="test_smart_tv_compatibility_stays_conditional_without_model_confirmation" time="0.009" /><testcase classname="tests.test_engine" name="test_existing_headend_prefers_hotel_software_layer" time="0.010" /><testcase classname="tests.test_engine" name="test_duplicate_recommendations_are_suppressed" time="0.008" /><testcase classname="tests.test_engine" name="test_backend_accepts_new_room_tv_delivery_values" time="0.008" /><testcase classname="tests.test_engine" name="test_backend_normalizes_blank_archive_days" time="0.008" /></testsuite></testsuites>